<?xml version="1.0" encoding="UTF-8"?>
<testsuite xmlns:xsi="http://www.w3.org/2001/XMLSchema-instance" xsi:noNamespaceSchemaLocation="https://maven.apache.org/surefire/maven-surefire-plugin/xsd/surefire-test-report.xsd" name="com.codesqsspring.SqsSpringBootApplicationTests" time="17.47" tests="1" errors="0" skipped="0" failures="0">
  <properties>
    <property name="sun.desktop" value="gnome"/>
    <property name="awt.toolkit" value="sun.awt.X11.XToolkit"/>
    <property name="java.specification.version" value="11"/>
    <property name="sun.cpu.isalist" value=""/>
    <property name="sun.jnu.encoding" value="UTF-8"/>
    <property name="java.class.path" value="/home/ewerton/Documentos/workspace/AWS-SQS-SpringBoot/target/test-classes:/home/ewerton/Documentos/workspace/AWS-SQS-SpringBoot/target/classes:/home/ewerton/.m2/repository/org/springframework/boot/spring-boot-starter-web/2.6.3/spring-boot-starter-web-2.6.3.jar:/home/ewerton/.m2/repository/org/springframework/boot/spring-boot-starter/2.6.3/spring-boot-starter-2.6.3.jar:/home/ewerton/.m2/repository/org/springframework/boot/spring-boot/2.6.3/spring-boot-2.6.3.jar:/home/ewerton/.m2/repository/org/springframework/boot/spring-boot-autoconfigure/2.6.3/spring-boot-autoconfigure-2.6.3.jar:/home/ewerton/.m2/repository/org/springframework/boot/spring-boot-starter-logging/2.6.3/spring-boot-starter-logging-2.6.3.jar:/home/ewerton/.m2/repository/ch/qos/logback/logback-classic/1.2.10/logback-classic-1.2.10.jar:/home/ewerton/.m2/repository/ch/qos/logback/logback-core/1.2.10/logback-core-1.2.10.jar:/home/ewerton/.m2/repository/org/apache/logging/log4j/log4j-to-slf4j/2.17.1/log4j-to-slf4j-2.17.1.jar:/home/ewerton/.m2/repository/org/apache/logging/log4j/log4j-api/2.17.1/log4j-api-2.17.1.jar:/home/ewerton/.m2/repository/org/slf4j/jul-to-slf4j/1.7.33/jul-to-slf4j-1.7.33.jar:/home/ewerton/.m2/repository/jakarta/annotation/jakarta.annotation-api/1.3.5/jakarta.annotation-api-1.3.5.jar:/home/ewerton/.m2/repository/org/yaml/snakeyaml/1.29/snakeyaml-1.29.jar:/home/ewerton/.m2/repository/org/springframework/boot/spring-boot-starter-json/2.6.3/spring-boot-starter-json-2.6.3.jar:/home/ewerton/.m2/repository/com/fasterxml/jackson/core/jackson-databind/2.13.1/jackson-databind-2.13.1.jar:/home/ewerton/.m2/repository/com/fasterxml/jackson/core/jackson-annotations/2.13.1/jackson-annotations-2.13.1.jar:/home/ewerton/.m2/repository/com/fasterxml/jackson/core/jackson-core/2.13.1/jackson-core-2.13.1.jar:/home/ewerton/.m2/repository/com/fasterxml/jackson/datatype/jackson-datatype-jdk8/2.13.1/jackson-datatype-jdk8-2.13.1.jar:/home/ewerton/.m2/repository/com/fasterxml/jackson/datatype/jackson-datatype-jsr310/2.13.1/jackson-datatype-jsr310-2.13.1.jar:/home/ewerton/.m2/repository/com/fasterxml/jackson/module/jackson-module-parameter-names/2.13.1/jackson-module-parameter-names-2.13.1.jar:/home/ewerton/.m2/repository/org/springframework/boot/spring-boot-starter-tomcat/2.6.3/spring-boot-starter-tomcat-2.6.3.jar:/home/ewerton/.m2/repository/org/apache/tomcat/embed/tomcat-embed-core/9.0.56/tomcat-embed-core-9.0.56.jar:/home/ewerton/.m2/repository/org/apache/tomcat/embed/tomcat-embed-el/9.0.56/tomcat-embed-el-9.0.56.jar:/home/ewerton/.m2/repository/org/apache/tomcat/embed/tomcat-embed-websocket/9.0.56/tomcat-embed-websocket-9.0.56.jar:/home/ewerton/.m2/repository/org/springframework/spring-web/5.3.15/spring-web-5.3.15.jar:/home/ewerton/.m2/repository/org/springframework/spring-beans/5.3.15/spring-beans-5.3.15.jar:/home/ewerton/.m2/repository/org/springframework/spring-webmvc/5.3.15/spring-webmvc-5.3.15.jar:/home/ewerton/.m2/repository/org/springframework/spring-aop/5.3.15/spring-aop-5.3.15.jar:/home/ewerton/.m2/repository/org/springframework/spring-context/5.3.15/spring-context-5.3.15.jar:/home/ewerton/.m2/repository/org/springframework/spring-expression/5.3.15/spring-expression-5.3.15.jar:/home/ewerton/.m2/repository/org/springframework/cloud/spring-cloud-starter-aws/2.2.6.RELEASE/spring-cloud-starter-aws-2.2.6.RELEASE.jar:/home/ewerton/.m2/repository/org/springframework/cloud/spring-cloud-aws-context/2.2.6.RELEASE/spring-cloud-aws-context-2.2.6.RELEASE.jar:/home/ewerton/.m2/repository/org/springframework/cloud/spring-cloud-aws-core/2.2.6.RELEASE/spring-cloud-aws-core-2.2.6.RELEASE.jar:/home/ewerton/.m2/repository/com/amazonaws/aws-java-sdk-core/1.11.792/aws-java-sdk-core-1.11.792.jar:/home/ewerton/.m2/repository/software/amazon/ion/ion-java/1.0.2/ion-java-1.0.2.jar:/home/ewerton/.m2/repository/com/fasterxml/jackson/dataformat/jackson-dataformat-cbor/2.13.1/jackson-dataformat-cbor-2.13.1.jar:/home/ewerton/.m2/repository/joda-time/joda-time/2.8.1/joda-time-2.8.1.jar:/home/ewerton/.m2/repository/com/amazonaws/aws-java-sdk-s3/1.11.792/aws-java-sdk-s3-1.11.792.jar:/home/ewerton/.m2/repository/com/amazonaws/aws-java-sdk-kms/1.11.792/aws-java-sdk-kms-1.11.792.jar:/home/ewerton/.m2/repository/com/amazonaws/aws-java-sdk-ec2/1.11.792/aws-java-sdk-ec2-1.11.792.jar:/home/ewerton/.m2/repository/com/amazonaws/aws-java-sdk-cloudformation/1.11.792/aws-java-sdk-cloudformation-1.11.792.jar:/home/ewerton/.m2/repository/org/springframework/cloud/spring-cloud-aws-autoconfigure/2.2.6.RELEASE/spring-cloud-aws-autoconfigure-2.2.6.RELEASE.jar:/home/ewerton/.m2/repository/org/slf4j/slf4j-api/1.7.33/slf4j-api-1.7.33.jar:/home/ewerton/.m2/repository/javax/activation/javax.activation-api/1.2.0/javax.activation-api-1.2.0.jar:/home/ewerton/.m2/repository/org/springframework/cloud/spring-cloud-starter-aws-messaging/2.2.6.RELEASE/spring-cloud-starter-aws-messaging-2.2.6.RELEASE.jar:/home/ewerton/.m2/repository/org/springframework/cloud/spring-cloud-aws-messaging/2.2.6.RELEASE/spring-cloud-aws-messaging-2.2.6.RELEASE.jar:/home/ewerton/.m2/repository/com/amazonaws/aws-java-sdk-sns/1.11.792/aws-java-sdk-sns-1.11.792.jar:/home/ewerton/.m2/repository/com/amazonaws/jmespath-java/1.11.792/jmespath-java-1.11.792.jar:/home/ewerton/.m2/repository/com/amazonaws/aws-java-sdk-sqs/1.11.792/aws-java-sdk-sqs-1.11.792.jar:/home/ewerton/.m2/repository/org/springframework/spring-messaging/5.3.15/spring-messaging-5.3.15.jar:/home/ewerton/.m2/repository/org/projectlombok/lombok/1.18.22/lombok-1.18.22.jar:/home/ewerton/.m2/repository/org/springframework/boot/spring-boot-starter-test/2.6.3/spring-boot-starter-test-2.6.3.jar:/home/ewerton/.m2/repository/org/springframework/boot/spring-boot-test/2.6.3/spring-boot-test-2.6.3.jar:/home/ewerton/.m2/repository/org/springframework/boot/spring-boot-test-autoconfigure/2.6.3/spring-boot-test-autoconfigure-2.6.3.jar:/home/ewerton/.m2/repository/com/jayway/jsonpath/json-path/2.6.0/json-path-2.6.0.jar:/home/ewerton/.m2/repository/net/minidev/json-smart/2.4.7/json-smart-2.4.7.jar:/home/ewerton/.m2/repository/net/minidev/accessors-smart/2.4.7/accessors-smart-2.4.7.jar:/home/ewerton/.m2/repository/org/ow2/asm/asm/9.1/asm-9.1.jar:/home/ewerton/.m2/repository/jakarta/xml/bind/jakarta.xml.bind-api/2.3.3/jakarta.xml.bind-api-2.3.3.jar:/home/ewerton/.m2/repository/jakarta/activation/jakarta.activation-api/1.2.2/jakarta.activation-api-1.2.2.jar:/home/ewerton/.m2/repository/org/assertj/assertj-core/3.21.0/assertj-core-3.21.0.jar:/home/ewerton/.m2/repository/org/hamcrest/hamcrest/2.2/hamcrest-2.2.jar:/home/ewerton/.m2/repository/org/junit/jupiter/junit-jupiter/5.8.2/junit-jupiter-5.8.2.jar:/home/ewerton/.m2/repository/org/junit/jupiter/junit-jupiter-api/5.8.2/junit-jupiter-api-5.8.2.jar:/home/ewerton/.m2/repository/org/opentest4j/opentest4j/1.2.0/opentest4j-1.2.0.jar:/home/ewerton/.m2/repository/org/junit/platform/junit-platform-commons/1.8.2/junit-platform-commons-1.8.2.jar:/home/ewerton/.m2/repository/org/apiguardian/apiguardian-api/1.1.2/apiguardian-api-1.1.2.jar:/home/ewerton/.m2/repository/org/junit/jupiter/junit-jupiter-params/5.8.2/junit-jupiter-params-5.8.2.jar:/home/ewerton/.m2/repository/org/junit/jupiter/junit-jupiter-engine/5.8.2/junit-jupiter-engine-5.8.2.jar:/home/ewerton/.m2/repository/org/junit/platform/junit-platform-engine/1.8.2/junit-platform-engine-1.8.2.jar:/home/ewerton/.m2/repository/org/mockito/mockito-core/4.0.0/mockito-core-4.0.0.jar:/home/ewerton/.m2/repository/net/bytebuddy/byte-buddy/1.11.22/byte-buddy-1.11.22.jar:/home/ewerton/.m2/repository/net/bytebuddy/byte-buddy-agent/1.11.22/byte-buddy-agent-1.11.22.jar:/home/ewerton/.m2/repository/org/objenesis/objenesis/3.2/objenesis-3.2.jar:/home/ewerton/.m2/repository/org/mockito/mockito-junit-jupiter/4.0.0/mockito-junit-jupiter-4.0.0.jar:/home/ewerton/.m2/repository/org/skyscreamer/jsonassert/1.5.0/jsonassert-1.5.0.jar:/home/ewerton/.m2/repository/com/vaadin/external/google/android-json/0.0.20131108.vaadin1/android-json-0.0.20131108.vaadin1.jar:/home/ewerton/.m2/repository/org/springframework/spring-core/5.3.15/spring-core-5.3.15.jar:/home/ewerton/.m2/repository/org/springframework/spring-jcl/5.3.15/spring-jcl-5.3.15.jar:/home/ewerton/.m2/repository/org/springframework/spring-test/5.3.15/spring-test-5.3.15.jar:/home/ewerton/.m2/repository/org/xmlunit/xmlunit-core/2.8.4/xmlunit-core-2.8.4.jar:/home/ewerton/.m2/repository/software/amazon/awssdk/lambda/2.17.130/lambda-2.17.130.jar:/home/ewerton/.m2/repository/software/amazon/awssdk/aws-json-protocol/2.17.130/aws-json-protocol-2.17.130.jar:/home/ewerton/.m2/repository/software/amazon/awssdk/third-party-jackson-core/2.17.130/third-party-jackson-core-2.17.130.jar:/home/ewerton/.m2/repository/software/amazon/awssdk/json-utils/2.17.130/json-utils-2.17.130.jar:/home/ewerton/.m2/repository/software/amazon/awssdk/protocol-core/2.17.130/protocol-core-2.17.130.jar:/home/ewerton/.m2/repository/software/amazon/awssdk/sdk-core/2.17.130/sdk-core-2.17.130.jar:/home/ewerton/.m2/repository/software/amazon/awssdk/profiles/2.17.130/profiles-2.17.130.jar:/home/ewerton/.m2/repository/org/reactivestreams/reactive-streams/1.0.3/reactive-streams-1.0.3.jar:/home/ewerton/.m2/repository/software/amazon/awssdk/auth/2.17.130/auth-2.17.130.jar:/home/ewerton/.m2/repository/software/amazon/eventstream/eventstream/1.0.1/eventstream-1.0.1.jar:/home/ewerton/.m2/repository/software/amazon/awssdk/http-client-spi/2.17.130/http-client-spi-2.17.130.jar:/home/ewerton/.m2/repository/software/amazon/awssdk/regions/2.17.130/regions-2.17.130.jar:/home/ewerton/.m2/repository/software/amazon/awssdk/annotations/2.17.130/annotations-2.17.130.jar:/home/ewerton/.m2/repository/software/amazon/awssdk/utils/2.17.130/utils-2.17.130.jar:/home/ewerton/.m2/repository/software/amazon/awssdk/aws-core/2.17.130/aws-core-2.17.130.jar:/home/ewerton/.m2/repository/software/amazon/awssdk/metrics-spi/2.17.130/metrics-spi-2.17.130.jar:/home/ewerton/.m2/repository/software/amazon/awssdk/apache-client/2.17.130/apache-client-2.17.130.jar:/home/ewerton/.m2/repository/org/apache/httpcomponents/httpclient/4.5.13/httpclient-4.5.13.jar:/home/ewerton/.m2/repository/commons-codec/commons-codec/1.15/commons-codec-1.15.jar:/home/ewerton/.m2/repository/org/apache/httpcomponents/httpcore/4.4.15/httpcore-4.4.15.jar:/home/ewerton/.m2/repository/software/amazon/awssdk/netty-nio-client/2.17.130/netty-nio-client-2.17.130.jar:/home/ewerton/.m2/repository/io/netty/netty-codec-http/4.1.73.Final/netty-codec-http-4.1.73.Final.jar:/home/ewerton/.m2/repository/io/netty/netty-codec-http2/4.1.73.Final/netty-codec-http2-4.1.73.Final.jar:/home/ewerton/.m2/repository/io/netty/netty-codec/4.1.73.Final/netty-codec-4.1.73.Final.jar:/home/ewerton/.m2/repository/io/netty/netty-transport/4.1.73.Final/netty-transport-4.1.73.Final.jar:/home/ewerton/.m2/repository/io/netty/netty-resolver/4.1.73.Final/netty-resolver-4.1.73.Final.jar:/home/ewerton/.m2/repository/io/netty/netty-common/4.1.73.Final/netty-common-4.1.73.Final.jar:/home/ewerton/.m2/repository/io/netty/netty-buffer/4.1.73.Final/netty-buffer-4.1.73.Final.jar:/home/ewerton/.m2/repository/io/netty/netty-handler/4.1.73.Final/netty-handler-4.1.73.Final.jar:/home/ewerton/.m2/repository/io/netty/netty-tcnative-classes/2.0.46.Final/netty-tcnative-classes-2.0.46.Final.jar:/home/ewerton/.m2/repository/io/netty/netty-transport-classes-epoll/4.1.73.Final/netty-transport-classes-epoll-4.1.73.Final.jar:/home/ewerton/.m2/repository/io/netty/netty-transport-native-unix-common/4.1.73.Final/netty-transport-native-unix-common-4.1.73.Final.jar:/home/ewerton/.m2/repository/com/typesafe/netty/netty-reactive-streams-http/2.0.5/netty-reactive-streams-http-2.0.5.jar:/home/ewerton/.m2/repository/com/typesafe/netty/netty-reactive-streams/2.0.5/netty-reactive-streams-2.0.5.jar:/home/ewerton/.m2/repository/org/json/json/20210307/json-20210307.jar:/home/ewerton/.m2/repository/com/google/code/gson/gson/2.8.0/gson-2.8.0.jar:"/>
    <property name="java.vm.vendor" value="Ubuntu"/>
    <property name="sun.arch.data.model" value="64"/>
    <property name="java.vendor.url" value="https://ubuntu.com/"/>
    <property name="user.timezone" value=""/>
    <property name="java.vm.specification.version" value="11"/>
    <property name="os.name" value="Linux"/>
    <property name="sun.java.launcher" value="SUN_STANDARD"/>
    <property name="user.country" value="BR"/>
    <property name="sun.boot.library.path" value="/usr/lib/jvm/java-11-openjdk-amd64/lib"/>
    <property name="sun.java.command" value="/home/ewerton/Documentos/workspace/AWS-SQS-SpringBoot/target/surefire/surefirebooter15429785734930460783.jar /home/ewerton/Documentos/workspace/AWS-SQS-SpringBoot/target/surefire 2022-02-16T14-29-37_099-jvmRun1 surefire18043384736537538772tmp surefire_08495115730774401909tmp"/>
    <property name="jdk.debug" value="release"/>
    <property name="surefire.test.class.path" value="/home/ewerton/Documentos/workspace/AWS-SQS-SpringBoot/target/test-classes:/home/ewerton/Documentos/workspace/AWS-SQS-SpringBoot/target/classes:/home/ewerton/.m2/repository/org/springframework/boot/spring-boot-starter-web/2.6.3/spring-boot-starter-web-2.6.3.jar:/home/ewerton/.m2/repository/org/springframework/boot/spring-boot-starter/2.6.3/spring-boot-starter-2.6.3.jar:/home/ewerton/.m2/repository/org/springframework/boot/spring-boot/2.6.3/spring-boot-2.6.3.jar:/home/ewerton/.m2/repository/org/springframework/boot/spring-boot-autoconfigure/2.6.3/spring-boot-autoconfigure-2.6.3.jar:/home/ewerton/.m2/repository/org/springframework/boot/spring-boot-starter-logging/2.6.3/spring-boot-starter-logging-2.6.3.jar:/home/ewerton/.m2/repository/ch/qos/logback/logback-classic/1.2.10/logback-classic-1.2.10.jar:/home/ewerton/.m2/repository/ch/qos/logback/logback-core/1.2.10/logback-core-1.2.10.jar:/home/ewerton/.m2/repository/org/apache/logging/log4j/log4j-to-slf4j/2.17.1/log4j-to-slf4j-2.17.1.jar:/home/ewerton/.m2/repository/org/apache/logging/log4j/log4j-api/2.17.1/log4j-api-2.17.1.jar:/home/ewerton/.m2/repository/org/slf4j/jul-to-slf4j/1.7.33/jul-to-slf4j-1.7.33.jar:/home/ewerton/.m2/repository/jakarta/annotation/jakarta.annotation-api/1.3.5/jakarta.annotation-api-1.3.5.jar:/home/ewerton/.m2/repository/org/yaml/snakeyaml/1.29/snakeyaml-1.29.jar:/home/ewerton/.m2/repository/org/springframework/boot/spring-boot-starter-json/2.6.3/spring-boot-starter-json-2.6.3.jar:/home/ewerton/.m2/repository/com/fasterxml/jackson/core/jackson-databind/2.13.1/jackson-databind-2.13.1.jar:/home/ewerton/.m2/repository/com/fasterxml/jackson/core/jackson-annotations/2.13.1/jackson-annotations-2.13.1.jar:/home/ewerton/.m2/repository/com/fasterxml/jackson/core/jackson-core/2.13.1/jackson-core-2.13.1.jar:/home/ewerton/.m2/repository/com/fasterxml/jackson/datatype/jackson-datatype-jdk8/2.13.1/jackson-datatype-jdk8-2.13.1.jar:/home/ewerton/.m2/repository/com/fasterxml/jackson/datatype/jackson-datatype-jsr310/2.13.1/jackson-datatype-jsr310-2.13.1.jar:/home/ewerton/.m2/repository/com/fasterxml/jackson/module/jackson-module-parameter-names/2.13.1/jackson-module-parameter-names-2.13.1.jar:/home/ewerton/.m2/repository/org/springframework/boot/spring-boot-starter-tomcat/2.6.3/spring-boot-starter-tomcat-2.6.3.jar:/home/ewerton/.m2/repository/org/apache/tomcat/embed/tomcat-embed-core/9.0.56/tomcat-embed-core-9.0.56.jar:/home/ewerton/.m2/repository/org/apache/tomcat/embed/tomcat-embed-el/9.0.56/tomcat-embed-el-9.0.56.jar:/home/ewerton/.m2/repository/org/apache/tomcat/embed/tomcat-embed-websocket/9.0.56/tomcat-embed-websocket-9.0.56.jar:/home/ewerton/.m2/repository/org/springframework/spring-web/5.3.15/spring-web-5.3.15.jar:/home/ewerton/.m2/repository/org/springframework/spring-beans/5.3.15/spring-beans-5.3.15.jar:/home/ewerton/.m2/repository/org/springframework/spring-webmvc/5.3.15/spring-webmvc-5.3.15.jar:/home/ewerton/.m2/repository/org/springframework/spring-aop/5.3.15/spring-aop-5.3.15.jar:/home/ewerton/.m2/repository/org/springframework/spring-context/5.3.15/spring-context-5.3.15.jar:/home/ewerton/.m2/repository/org/springframework/spring-expression/5.3.15/spring-expression-5.3.15.jar:/home/ewerton/.m2/repository/org/springframework/cloud/spring-cloud-starter-aws/2.2.6.RELEASE/spring-cloud-starter-aws-2.2.6.RELEASE.jar:/home/ewerton/.m2/repository/org/springframework/cloud/spring-cloud-aws-context/2.2.6.RELEASE/spring-cloud-aws-context-2.2.6.RELEASE.jar:/home/ewerton/.m2/repository/org/springframework/cloud/spring-cloud-aws-core/2.2.6.RELEASE/spring-cloud-aws-core-2.2.6.RELEASE.jar:/home/ewerton/.m2/repository/com/amazonaws/aws-java-sdk-core/1.11.792/aws-java-sdk-core-1.11.792.jar:/home/ewerton/.m2/repository/software/amazon/ion/ion-java/1.0.2/ion-java-1.0.2.jar:/home/ewerton/.m2/repository/com/fasterxml/jackson/dataformat/jackson-dataformat-cbor/2.13.1/jackson-dataformat-cbor-2.13.1.jar:/home/ewerton/.m2/repository/joda-time/joda-time/2.8.1/joda-time-2.8.1.jar:/home/ewerton/.m2/repository/com/amazonaws/aws-java-sdk-s3/1.11.792/aws-java-sdk-s3-1.11.792.jar:/home/ewerton/.m2/repository/com/amazonaws/aws-java-sdk-kms/1.11.792/aws-java-sdk-kms-1.11.792.jar:/home/ewerton/.m2/repository/com/amazonaws/aws-java-sdk-ec2/1.11.792/aws-java-sdk-ec2-1.11.792.jar:/home/ewerton/.m2/repository/com/amazonaws/aws-java-sdk-cloudformation/1.11.792/aws-java-sdk-cloudformation-1.11.792.jar:/home/ewerton/.m2/repository/org/springframework/cloud/spring-cloud-aws-autoconfigure/2.2.6.RELEASE/spring-cloud-aws-autoconfigure-2.2.6.RELEASE.jar:/home/ewerton/.m2/repository/org/slf4j/slf4j-api/1.7.33/slf4j-api-1.7.33.jar:/home/ewerton/.m2/repository/javax/activation/javax.activation-api/1.2.0/javax.activation-api-1.2.0.jar:/home/ewerton/.m2/repository/org/springframework/cloud/spring-cloud-starter-aws-messaging/2.2.6.RELEASE/spring-cloud-starter-aws-messaging-2.2.6.RELEASE.jar:/home/ewerton/.m2/repository/org/springframework/cloud/spring-cloud-aws-messaging/2.2.6.RELEASE/spring-cloud-aws-messaging-2.2.6.RELEASE.jar:/home/ewerton/.m2/repository/com/amazonaws/aws-java-sdk-sns/1.11.792/aws-java-sdk-sns-1.11.792.jar:/home/ewerton/.m2/repository/com/amazonaws/jmespath-java/1.11.792/jmespath-java-1.11.792.jar:/home/ewerton/.m2/repository/com/amazonaws/aws-java-sdk-sqs/1.11.792/aws-java-sdk-sqs-1.11.792.jar:/home/ewerton/.m2/repository/org/springframework/spring-messaging/5.3.15/spring-messaging-5.3.15.jar:/home/ewerton/.m2/repository/org/projectlombok/lombok/1.18.22/lombok-1.18.22.jar:/home/ewerton/.m2/repository/org/springframework/boot/spring-boot-starter-test/2.6.3/spring-boot-starter-test-2.6.3.jar:/home/ewerton/.m2/repository/org/springframework/boot/spring-boot-test/2.6.3/spring-boot-test-2.6.3.jar:/home/ewerton/.m2/repository/org/springframework/boot/spring-boot-test-autoconfigure/2.6.3/spring-boot-test-autoconfigure-2.6.3.jar:/home/ewerton/.m2/repository/com/jayway/jsonpath/json-path/2.6.0/json-path-2.6.0.jar:/home/ewerton/.m2/repository/net/minidev/json-smart/2.4.7/json-smart-2.4.7.jar:/home/ewerton/.m2/repository/net/minidev/accessors-smart/2.4.7/accessors-smart-2.4.7.jar:/home/ewerton/.m2/repository/org/ow2/asm/asm/9.1/asm-9.1.jar:/home/ewerton/.m2/repository/jakarta/xml/bind/jakarta.xml.bind-api/2.3.3/jakarta.xml.bind-api-2.3.3.jar:/home/ewerton/.m2/repository/jakarta/activation/jakarta.activation-api/1.2.2/jakarta.activation-api-1.2.2.jar:/home/ewerton/.m2/repository/org/assertj/assertj-core/3.21.0/assertj-core-3.21.0.jar:/home/ewerton/.m2/repository/org/hamcrest/hamcrest/2.2/hamcrest-2.2.jar:/home/ewerton/.m2/repository/org/junit/jupiter/junit-jupiter/5.8.2/junit-jupiter-5.8.2.jar:/home/ewerton/.m2/repository/org/junit/jupiter/junit-jupiter-api/5.8.2/junit-jupiter-api-5.8.2.jar:/home/ewerton/.m2/repository/org/opentest4j/opentest4j/1.2.0/opentest4j-1.2.0.jar:/home/ewerton/.m2/repository/org/junit/platform/junit-platform-commons/1.8.2/junit-platform-commons-1.8.2.jar:/home/ewerton/.m2/repository/org/apiguardian/apiguardian-api/1.1.2/apiguardian-api-1.1.2.jar:/home/ewerton/.m2/repository/org/junit/jupiter/junit-jupiter-params/5.8.2/junit-jupiter-params-5.8.2.jar:/home/ewerton/.m2/repository/org/junit/jupiter/junit-jupiter-engine/5.8.2/junit-jupiter-engine-5.8.2.jar:/home/ewerton/.m2/repository/org/junit/platform/junit-platform-engine/1.8.2/junit-platform-engine-1.8.2.jar:/home/ewerton/.m2/repository/org/mockito/mockito-core/4.0.0/mockito-core-4.0.0.jar:/home/ewerton/.m2/repository/net/bytebuddy/byte-buddy/1.11.22/byte-buddy-1.11.22.jar:/home/ewerton/.m2/repository/net/bytebuddy/byte-buddy-agent/1.11.22/byte-buddy-agent-1.11.22.jar:/home/ewerton/.m2/repository/org/objenesis/objenesis/3.2/objenesis-3.2.jar:/home/ewerton/.m2/repository/org/mockito/mockito-junit-jupiter/4.0.0/mockito-junit-jupiter-4.0.0.jar:/home/ewerton/.m2/repository/org/skyscreamer/jsonassert/1.5.0/jsonassert-1.5.0.jar:/home/ewerton/.m2/repository/com/vaadin/external/google/android-json/0.0.20131108.vaadin1/android-json-0.0.20131108.vaadin1.jar:/home/ewerton/.m2/repository/org/springframework/spring-core/5.3.15/spring-core-5.3.15.jar:/home/ewerton/.m2/repository/org/springframework/spring-jcl/5.3.15/spring-jcl-5.3.15.jar:/home/ewerton/.m2/repository/org/springframework/spring-test/5.3.15/spring-test-5.3.15.jar:/home/ewerton/.m2/repository/org/xmlunit/xmlunit-core/2.8.4/xmlunit-core-2.8.4.jar:/home/ewerton/.m2/repository/software/amazon/awssdk/lambda/2.17.130/lambda-2.17.130.jar:/home/ewerton/.m2/repository/software/amazon/awssdk/aws-json-protocol/2.17.130/aws-json-protocol-2.17.130.jar:/home/ewerton/.m2/repository/software/amazon/awssdk/third-party-jackson-core/2.17.130/third-party-jackson-core-2.17.130.jar:/home/ewerton/.m2/repository/software/amazon/awssdk/json-utils/2.17.130/json-utils-2.17.130.jar:/home/ewerton/.m2/repository/software/amazon/awssdk/protocol-core/2.17.130/protocol-core-2.17.130.jar:/home/ewerton/.m2/repository/software/amazon/awssdk/sdk-core/2.17.130/sdk-core-2.17.130.jar:/home/ewerton/.m2/repository/software/amazon/awssdk/profiles/2.17.130/profiles-2.17.130.jar:/home/ewerton/.m2/repository/org/reactivestreams/reactive-streams/1.0.3/reactive-streams-1.0.3.jar:/home/ewerton/.m2/repository/software/amazon/awssdk/auth/2.17.130/auth-2.17.130.jar:/home/ewerton/.m2/repository/software/amazon/eventstream/eventstream/1.0.1/eventstream-1.0.1.jar:/home/ewerton/.m2/repository/software/amazon/awssdk/http-client-spi/2.17.130/http-client-spi-2.17.130.jar:/home/ewerton/.m2/repository/software/amazon/awssdk/regions/2.17.130/regions-2.17.130.jar:/home/ewerton/.m2/repository/software/amazon/awssdk/annotations/2.17.130/annotations-2.17.130.jar:/home/ewerton/.m2/repository/software/amazon/awssdk/utils/2.17.130/utils-2.17.130.jar:/home/ewerton/.m2/repository/software/amazon/awssdk/aws-core/2.17.130/aws-core-2.17.130.jar:/home/ewerton/.m2/repository/software/amazon/awssdk/metrics-spi/2.17.130/metrics-spi-2.17.130.jar:/home/ewerton/.m2/repository/software/amazon/awssdk/apache-client/2.17.130/apache-client-2.17.130.jar:/home/ewerton/.m2/repository/org/apache/httpcomponents/httpclient/4.5.13/httpclient-4.5.13.jar:/home/ewerton/.m2/repository/commons-codec/commons-codec/1.15/commons-codec-1.15.jar:/home/ewerton/.m2/repository/org/apache/httpcomponents/httpcore/4.4.15/httpcore-4.4.15.jar:/home/ewerton/.m2/repository/software/amazon/awssdk/netty-nio-client/2.17.130/netty-nio-client-2.17.130.jar:/home/ewerton/.m2/repository/io/netty/netty-codec-http/4.1.73.Final/netty-codec-http-4.1.73.Final.jar:/home/ewerton/.m2/repository/io/netty/netty-codec-http2/4.1.73.Final/netty-codec-http2-4.1.73.Final.jar:/home/ewerton/.m2/repository/io/netty/netty-codec/4.1.73.Final/netty-codec-4.1.73.Final.jar:/home/ewerton/.m2/repository/io/netty/netty-transport/4.1.73.Final/netty-transport-4.1.73.Final.jar:/home/ewerton/.m2/repository/io/netty/netty-resolver/4.1.73.Final/netty-resolver-4.1.73.Final.jar:/home/ewerton/.m2/repository/io/netty/netty-common/4.1.73.Final/netty-common-4.1.73.Final.jar:/home/ewerton/.m2/repository/io/netty/netty-buffer/4.1.73.Final/netty-buffer-4.1.73.Final.jar:/home/ewerton/.m2/repository/io/netty/netty-handler/4.1.73.Final/netty-handler-4.1.73.Final.jar:/home/ewerton/.m2/repository/io/netty/netty-tcnative-classes/2.0.46.Final/netty-tcnative-classes-2.0.46.Final.jar:/home/ewerton/.m2/repository/io/netty/netty-transport-classes-epoll/4.1.73.Final/netty-transport-classes-epoll-4.1.73.Final.jar:/home/ewerton/.m2/repository/io/netty/netty-transport-native-unix-common/4.1.73.Final/netty-transport-native-unix-common-4.1.73.Final.jar:/home/ewerton/.m2/repository/com/typesafe/netty/netty-reactive-streams-http/2.0.5/netty-reactive-streams-http-2.0.5.jar:/home/ewerton/.m2/repository/com/typesafe/netty/netty-reactive-streams/2.0.5/netty-reactive-streams-2.0.5.jar:/home/ewerton/.m2/repository/org/json/json/20210307/json-20210307.jar:/home/ewerton/.m2/repository/com/google/code/gson/gson/2.8.0/gson-2.8.0.jar:"/>
    <property name="sun.cpu.endian" value="little"/>
    <property name="user.home" value="/home/ewerton"/>
    <property name="user.language" value="pt"/>
    <property name="java.specification.vendor" value="Oracle Corporation"/>
    <property name="java.version.date" value="2021-10-19"/>
    <property name="java.home" value="/usr/lib/jvm/java-11-openjdk-amd64"/>
    <property name="file.separator" value="/"/>
    <property name="basedir" value="/home/ewerton/Documentos/workspace/AWS-SQS-SpringBoot"/>
    <property name="java.vm.compressedOopsMode" value="32-bit"/>
    <property name="line.separator" value="&#10;"/>
    <property name="java.specification.name" value="Java Platform API Specification"/>
    <property name="java.vm.specification.vendor" value="Oracle Corporation"/>
    <property name="java.awt.graphicsenv" value="sun.awt.X11GraphicsEnvironment"/>
    <property name="surefire.real.class.path" value="/home/ewerton/Documentos/workspace/AWS-SQS-SpringBoot/target/surefire/surefirebooter15429785734930460783.jar"/>
    <property name="sun.management.compiler" value="HotSpot 64-Bit Tiered Compilers"/>
    <property name="java.runtime.version" value="11.0.13+8-Ubuntu-0ubuntu1.18.04"/>
    <property name="user.name" value="CIANDT\ewerton"/>
    <property name="path.separator" value=":"/>
    <property name="os.version" value="5.4.0-99-generic"/>
    <property name="java.runtime.name" value="OpenJDK Runtime Environment"/>
    <property name="file.encoding" value="UTF-8"/>
    <property name="java.vm.name" value="OpenJDK 64-Bit Server VM"/>
    <property name="localRepository" value="/home/ewerton/.m2/repository"/>
    <property name="java.vendor.url.bug" value="https://bugs.launchpad.net/ubuntu/+source/openjdk-lts"/>
    <property name="java.io.tmpdir" value="/tmp"/>
    <property name="java.version" value="11.0.13"/>
    <property name="user.dir" value="/home/ewerton/Documentos/workspace/AWS-SQS-SpringBoot"/>
    <property name="os.arch" value="amd64"/>
    <property name="java.vm.specification.name" value="Java Virtual Machine Specification"/>
    <property name="java.awt.printerjob" value="sun.print.PSPrinterJob"/>
    <property name="sun.os.patch.level" value="unknown"/>
    <property name="java.library.path" value="/usr/java/packages/lib:/usr/lib/x86_64-linux-gnu/jni:/lib/x86_64-linux-gnu:/usr/lib/x86_64-linux-gnu:/usr/lib/jni:/lib:/usr/lib"/>
    <property name="java.vm.info" value="mixed mode, sharing"/>
    <property name="java.vendor" value="Ubuntu"/>
    <property name="java.vm.version" value="11.0.13+8-Ubuntu-0ubuntu1.18.04"/>
    <property name="sun.io.unicode.encoding" value="UnicodeLittle"/>
    <property name="java.class.version" value="55.0"/>
  </properties>
  <testcase name="contextLoads" classname="com.codesqsspring.SqsSpringBootApplicationTests" time="0.705"/>
</testsuite>